[debug] [2022-06-27T12:06:04.733Z] ----------------------------------------------------------------------
[debug] [2022-06-27T12:06:04.735Z] Command:       C:\Program Files\nodejs\node.exe C:\Users\Monkey D' Garp\AppData\Roaming\npm\node_modules\firebase-tools\lib\bin\firebase.js init
[debug] [2022-06-27T12:06:04.735Z] CLI Version:   11.1.0
[debug] [2022-06-27T12:06:04.735Z] Platform:      win32
[debug] [2022-06-27T12:06:04.735Z] Node Version:  v16.14.0
[debug] [2022-06-27T12:06:04.736Z] Time:          Mon Jun 27 2022 20:06:04 GMT+0800 (Singapore Standard Time)
[debug] [2022-06-27T12:06:04.736Z] ----------------------------------------------------------------------
[debug] 
[debug] [2022-06-27T12:06:04.742Z] > command requires scopes: ["email","openid","https://www.googleapis.com/auth/cloudplatformprojects.readonly","https://www.googleapis.com/auth/firebase","https://www.googleapis.com/auth/cloud-platform"]
[debug] [2022-06-27T12:06:04.742Z] > authorizing via signed-in user (kawaiiseiba23@gmail.com)
[info] 
     ######## #### ########  ######## ########     ###     ######  ########
     ##        ##  ##     ## ##       ##     ##  ##   ##  ##       ##
     ######    ##  ########  ######   ########  #########  ######  ######
     ##        ##  ##    ##  ##       ##     ## ##     ##       ## ##
     ##       #### ##     ## ######## ########  ##     ##  ######  ########

You're about to initialize a Firebase project in this directory:

  D:\Graey\Development\AngularProjects\teams

[info] 
=== Project Setup
[info] 
[info] First, let's associate this project directory with a Firebase project.
[info] You can create multiple project aliases by running firebase use --add, 
[info] but for now we'll just set up a default project.
[info] 
[debug] [2022-06-27T12:07:12.418Z] >>> [apiv2][query] GET https://firebase.googleapis.com/v1beta1/projects pageSize=100
[debug] [2022-06-27T12:07:13.125Z] <<< [apiv2][status] GET https://firebase.googleapis.com/v1beta1/projects 200
[debug] [2022-06-27T12:07:13.125Z] <<< [apiv2][body] GET https://firebase.googleapis.com/v1beta1/projects [omitted]
[info] i  Using project scout-6b8bf (scout) 
[info] 
=== Database Setup
[info] i  database: ensuring required API firebasedatabase.googleapis.com is enabled... 
[debug] [2022-06-27T12:07:17.693Z] >>> [apiv2][query] GET https://serviceusage.googleapis.com/v1/projects/scout-6b8bf/services/firebasedatabase.googleapis.com [none]
[debug] [2022-06-27T12:07:18.958Z] <<< [apiv2][status] GET https://serviceusage.googleapis.com/v1/projects/scout-6b8bf/services/firebasedatabase.googleapis.com 200
[debug] [2022-06-27T12:07:18.958Z] <<< [apiv2][body] GET https://serviceusage.googleapis.com/v1/projects/scout-6b8bf/services/firebasedatabase.googleapis.com [omitted]
[info] +  database: required API firebasedatabase.googleapis.com is enabled 
[info] 
[debug] [2022-06-27T12:07:18.960Z] >>> [apiv2][query] GET https://firebasedatabase.googleapis.com/v1beta/projects/scout-6b8bf/locations/-/instances/scout-6b8bf-default-rtdb [none]
[debug] [2022-06-27T12:07:19.384Z] <<< [apiv2][status] GET https://firebasedatabase.googleapis.com/v1beta/projects/scout-6b8bf/locations/-/instances/scout-6b8bf-default-rtdb 200
[debug] [2022-06-27T12:07:19.384Z] <<< [apiv2][body] GET https://firebasedatabase.googleapis.com/v1beta/projects/scout-6b8bf/locations/-/instances/scout-6b8bf-default-rtdb {"name":"projects/671709113514/locations/asia-southeast1/instances/scout-6b8bf-default-rtdb","project":"projects/671709113514","databaseUrl":"https://scout-6b8bf-default-rtdb.asia-southeast1.firebasedatabase.app","type":"DEFAULT_DATABASE","state":"DISABLED"}
[info] 
[info] Firebase Realtime Database Security Rules allow you to define how your data should be
[info] structured and when your data can be read from and written to.
[info] 
[debug] [2022-06-27T12:07:50.337Z] >>> [apiv2][query] GET https://scout-6b8bf-default-rtdb.asia-southeast1.firebasedatabase.app/.settings/rules.json [none]
[debug] [2022-06-27T12:07:50.635Z] <<< [apiv2][status] GET https://scout-6b8bf-default-rtdb.asia-southeast1.firebasedatabase.app/.settings/rules.json 200
[debug] [2022-06-27T12:07:50.635Z] <<< [apiv2][body] GET https://scout-6b8bf-default-rtdb.asia-southeast1.firebasedatabase.app/.settings/rules.json [stream]
[info] +  Database Rules for scout-6b8bf-default-rtdb have been written to database.rules.json. 
[info] Future modifications to database.rules.json will update Realtime Database Security Rules when you run
[info] firebase deploy.
[info] 
=== Firestore Setup
[debug] [2022-06-27T12:07:50.637Z] >>> [apiv2][query] GET https://serviceusage.googleapis.com/v1/projects/scout-6b8bf/services/firestore.googleapis.com [none]
[debug] [2022-06-27T12:07:51.968Z] <<< [apiv2][status] GET https://serviceusage.googleapis.com/v1/projects/scout-6b8bf/services/firestore.googleapis.com 200
[debug] [2022-06-27T12:07:51.968Z] <<< [apiv2][body] GET https://serviceusage.googleapis.com/v1/projects/scout-6b8bf/services/firestore.googleapis.com [omitted]
[debug] [2022-06-27T12:07:51.968Z] >>> [apiv2][query] GET https://appengine.googleapis.com/v1/apps/scout-6b8bf [none]
[debug] [2022-06-27T12:07:52.452Z] <<< [apiv2][status] GET https://appengine.googleapis.com/v1/apps/scout-6b8bf 200
[debug] [2022-06-27T12:07:52.452Z] <<< [apiv2][body] GET https://appengine.googleapis.com/v1/apps/scout-6b8bf {"name":"apps/scout-6b8bf","id":"scout-6b8bf","authDomain":"gmail.com","locationId":"asia-southeast1","codeBucket":"staging.scout-6b8bf.appspot.com","servingStatus":"SERVING","defaultHostname":"scout-6b8bf.as.r.appspot.com","defaultBucket":"scout-6b8bf.appspot.com","serviceAccount":"scout-6b8bf@appspot.gserviceaccount.com","gcrDomain":"asia.gcr.io","databaseType":"CLOUD_FIRESTORE","featureSettings":{"splitHealthChecks":true,"useContainerOptimizedOs":true}}
[debug] [2022-06-27T12:07:52.452Z] database_type: CLOUD_FIRESTORE
[debug] [2022-06-27T12:07:52.453Z] > command requires scopes: ["email","openid","https://www.googleapis.com/auth/cloudplatformprojects.readonly","https://www.googleapis.com/auth/firebase","https://www.googleapis.com/auth/cloud-platform"]
[debug] [2022-06-27T12:07:52.453Z] > authorizing via signed-in user (kawaiiseiba23@gmail.com)
[debug] [2022-06-27T12:07:52.453Z] [iam] checking project scout-6b8bf for permissions ["firebase.projects.get"]
[debug] [2022-06-27T12:07:52.454Z] >>> [apiv2][query] POST https://cloudresourcemanager.googleapis.com/v1/projects/scout-6b8bf:testIamPermissions [none]
[debug] [2022-06-27T12:07:52.454Z] >>> [apiv2][body] POST https://cloudresourcemanager.googleapis.com/v1/projects/scout-6b8bf:testIamPermissions {"permissions":["firebase.projects.get"]}
[debug] [2022-06-27T12:07:53.471Z] <<< [apiv2][status] POST https://cloudresourcemanager.googleapis.com/v1/projects/scout-6b8bf:testIamPermissions 200
[debug] [2022-06-27T12:07:53.471Z] <<< [apiv2][body] POST https://cloudresourcemanager.googleapis.com/v1/projects/scout-6b8bf:testIamPermissions {"permissions":["firebase.projects.get"]}
[info] 
[info] Firestore Security Rules allow you to define how and when to allow
[info] requests. You can keep these rules in your project directory
[info] and publish them with firebase deploy.
[info] 
[debug] [2022-06-27T12:07:58.657Z] >>> [apiv2][query] GET https://firebaserules.googleapis.com/v1/projects/scout-6b8bf/releases pageSize=10&pageToken=
[debug] [2022-06-27T12:07:59.840Z] <<< [apiv2][status] GET https://firebaserules.googleapis.com/v1/projects/scout-6b8bf/releases 200
[debug] [2022-06-27T12:07:59.840Z] <<< [apiv2][body] GET https://firebaserules.googleapis.com/v1/projects/scout-6b8bf/releases {"releases":[{"name":"projects/scout-6b8bf/releases/cloud.firestore","rulesetName":"projects/scout-6b8bf/rulesets/7484f71b-adcb-4caa-863a-cb5513ef5e32","createTime":"2022-06-17T15:55:05.561607Z","updateTime":"2022-06-17T15:55:05.561607Z"},{"name":"projects/scout-6b8bf/releases/firebase.storage/scout-6b8bf.appspot.com","rulesetName":"projects/scout-6b8bf/rulesets/7a10652e-4eed-4bc9-9591-c4c81cf65a20","createTime":"2022-06-18T03:18:44.304666Z","updateTime":"2022-06-18T03:19:12.364457Z"}]}
[debug] [2022-06-27T12:07:59.840Z] Found ruleset: projects/scout-6b8bf/rulesets/7484f71b-adcb-4caa-863a-cb5513ef5e32
[debug] [2022-06-27T12:07:59.840Z] >>> [apiv2][query] GET https://firebaserules.googleapis.com/v1/projects/scout-6b8bf/rulesets/7484f71b-adcb-4caa-863a-cb5513ef5e32 [none]
[debug] [2022-06-27T12:08:00.907Z] <<< [apiv2][status] GET https://firebaserules.googleapis.com/v1/projects/scout-6b8bf/rulesets/7484f71b-adcb-4caa-863a-cb5513ef5e32 200
[debug] [2022-06-27T12:08:00.907Z] <<< [apiv2][body] GET https://firebaserules.googleapis.com/v1/projects/scout-6b8bf/rulesets/7484f71b-adcb-4caa-863a-cb5513ef5e32 [omitted]
[info] 
[info] Firestore indexes allow you to perform complex queries while
[info] maintaining performance that scales with the size of the result
[info] set. You can keep index definitions in your project directory
[info] and publish them with firebase deploy.
[info] 
[debug] [2022-06-27T12:08:03.441Z] >>> [apiv2][query] GET https://firestore.googleapis.com/v1/projects/scout-6b8bf/databases/(default)/collectionGroups/-/indexes [none]
[debug] [2022-06-27T12:08:03.442Z] >>> [apiv2][query] GET https://firestore.googleapis.com/v1/projects/scout-6b8bf/databases/(default)/collectionGroups/-/fields?filter=indexConfig.usesAncestorConfig=false [none]
[debug] [2022-06-27T12:08:03.902Z] <<< [apiv2][status] GET https://firestore.googleapis.com/v1/projects/scout-6b8bf/databases/(default)/collectionGroups/-/indexes 200
[debug] [2022-06-27T12:08:03.902Z] <<< [apiv2][body] GET https://firestore.googleapis.com/v1/projects/scout-6b8bf/databases/(default)/collectionGroups/-/indexes {"indexes":[{"name":"projects/scout-6b8bf/databases/(default)/collectionGroups/comments/indexes/CICAgOjXh4EK","queryScope":"COLLECTION","fields":[{"fieldPath":"reference","order":"ASCENDING"},{"fieldPath":"date","order":"ASCENDING"},{"fieldPath":"__name__","order":"ASCENDING"}],"state":"READY"},{"name":"projects/scout-6b8bf/databases/(default)/collectionGroups/comments/indexes/CICAgJiUpoMK","queryScope":"COLLECTION","fields":[{"fieldPath":"reference","order":"ASCENDING"},{"fieldPath":"date","order":"DESCENDING"},{"fieldPath":"__name__","order":"DESCENDING"}],"state":"READY"}]}
[debug] [2022-06-27T12:08:04.000Z] <<< [apiv2][status] GET https://firestore.googleapis.com/v1/projects/scout-6b8bf/databases/(default)/collectionGroups/-/fields?filter=indexConfig.usesAncestorConfig=false 200
[debug] [2022-06-27T12:08:04.000Z] <<< [apiv2][body] GET https://firestore.googleapis.com/v1/projects/scout-6b8bf/databases/(default)/collectionGroups/-/fields?filter=indexConfig.usesAncestorConfig=false {"fields":[{"name":"projects/scout-6b8bf/databases/(default)/collectionGroups/__default__/fields/*","indexConfig":{"indexes":[{"queryScope":"COLLECTION","fields":[{"fieldPath":"*","order":"ASCENDING"}],"state":"READY"},{"queryScope":"COLLECTION","fields":[{"fieldPath":"*","order":"DESCENDING"}],"state":"READY"},{"queryScope":"COLLECTION","fields":[{"fieldPath":"*","arrayConfig":"CONTAINS"}],"state":"READY"}]}}]}
[info] 
=== Hosting Setup
[info] 
[info] Your public directory is the folder (relative to your project directory) that
[info] will contain Hosting assets to be uploaded with firebase deploy. If you
[info] have a build process for your assets, use your build's output directory.
[info] 
[info] +  Wrote public/404.html 
[debug] [2022-06-27T12:10:21.954Z] >>> [apiv2][query] GET https://www.gstatic.com/firebasejs/releases.json [none]
[debug] [2022-06-27T12:10:22.074Z] <<< [apiv2][status] GET https://www.gstatic.com/firebasejs/releases.json 200
[debug] [2022-06-27T12:10:22.074Z] <<< [apiv2][body] GET https://www.gstatic.com/firebasejs/releases.json {"current":{"version":"9.8.4","browserURL":"https://www.gstatic.com/firebasejs/9.8.4/firebase.js","packageURL":"https://www.gstatic.com/firebasejs/9.8.4/firebase.tgz"},"live":{"version":"9.8","browserURL":"https://www.gstatic.com/firebasejs/live/9.8/firebase.js","packageURL":"https://www.gstatic.com/firebasejs/live/9.8/firebase.tgz"},"components":{"analytics":"https://www.gstatic.com/firebasejs/9.8.4/firebase-analytics.js","app":"https://www.gstatic.com/firebasejs/9.8.4/firebase-app.js","app-check":"https://www.gstatic.com/firebasejs/9.8.4/firebase-app-check.js","auth":"https://www.gstatic.com/firebasejs/9.8.4/firebase-auth.js","auth/cordova":"https://www.gstatic.com/firebasejs/9.8.4/firebase-auth/cordova.js","auth/react-native":"https://www.gstatic.com/firebasejs/9.8.4/firebase-auth/react-native.js","functions":"https://www.gstatic.com/firebasejs/9.8.4/firebase-functions.js","firestore":"https://www.gstatic.com/firebasejs/9.8.4/firebase-firestore.js","firestore/lite":"https://www.gstatic.com/firebasejs/9.8.4/firebase-firestore/lite.js","storage":"https://www.gstatic.com/firebasejs/9.8.4/firebase-storage.js","performance":"https://www.gstatic.com/firebasejs/9.8.4/firebase-performance.js","remote-config":"https://www.gstatic.com/firebasejs/9.8.4/firebase-remote-config.js","messaging":"https://www.gstatic.com/firebasejs/9.8.4/firebase-messaging.js","messaging/sw":"https://www.gstatic.com/firebasejs/9.8.4/firebase-messaging/sw.js","database":"https://www.gstatic.com/firebasejs/9.8.4/firebase-database.js","firestore.memory":"https://www.gstatic.com/firebasejs/9.8.4/firebase-firestore.memory.js"}}
[info] +  Wrote public/index.html 
[info] 
[info] i  Detected a .git folder at D:\Graey\Development\AngularProjects\teams 
[info] i  Authorizing with GitHub to upload your service account to a GitHub repository's secrets store. 
[info] 
[info] Visit this URL on this device to log in:
[info] https://github.com/login/oauth/authorize?client_id=89cf50f02ac6aaed3484&state=364877636&redirect_uri=http%3A%2F%2Flocalhost%3A9005&scope=read%3Auser%20repo%20public_repo
[info] 
[info] Waiting for authentication...
[debug] [2022-06-27T12:10:22.086Z] Error: spawn cmd ENOENT
    at Process.ChildProcess._handle.onexit (node:internal/child_process:283:19)
    at onErrorNT (node:internal/child_process:478:16)
    at processTicksAndRejections (node:internal/process/task_queues:83:21)
[error] 
[error] Error: An unexpected error has occurred.
[debug] [2022-06-27T12:10:43.909Z] ----------------------------------------------------------------------
[debug] [2022-06-27T12:10:43.911Z] Command:       C:\Program Files\nodejs\node.exe C:\Users\Monkey D' Garp\AppData\Roaming\npm\node_modules\firebase-tools\lib\bin\firebase.js login --no-localhost --debug
[debug] [2022-06-27T12:10:43.911Z] CLI Version:   11.1.0
[debug] [2022-06-27T12:10:43.912Z] Platform:      win32
[debug] [2022-06-27T12:10:43.912Z] Node Version:  v16.14.0
[debug] [2022-06-27T12:10:43.912Z] Time:          Mon Jun 27 2022 20:10:43 GMT+0800 (Singapore Standard Time)
[debug] [2022-06-27T12:10:43.913Z] ----------------------------------------------------------------------
[debug] 
[info] Already logged in as kawaiiseiba23@gmail.com
[debug] [2022-06-27T12:10:54.184Z] ----------------------------------------------------------------------
[debug] [2022-06-27T12:10:54.186Z] Command:       C:\Program Files\nodejs\node.exe C:\Users\Monkey D' Garp\AppData\Roaming\npm\node_modules\firebase-tools\lib\bin\firebase.js init --debug
[debug] [2022-06-27T12:10:54.186Z] CLI Version:   11.1.0
[debug] [2022-06-27T12:10:54.186Z] Platform:      win32
[debug] [2022-06-27T12:10:54.186Z] Node Version:  v16.14.0
[debug] [2022-06-27T12:10:54.187Z] Time:          Mon Jun 27 2022 20:10:54 GMT+0800 (Singapore Standard Time)
[debug] [2022-06-27T12:10:54.187Z] ----------------------------------------------------------------------
[debug] 
[debug] [2022-06-27T12:10:54.193Z] > command requires scopes: ["email","openid","https://www.googleapis.com/auth/cloudplatformprojects.readonly","https://www.googleapis.com/auth/firebase","https://www.googleapis.com/auth/cloud-platform"]
[debug] [2022-06-27T12:10:54.194Z] > authorizing via signed-in user (kawaiiseiba23@gmail.com)
[info] 
     ######## #### ########  ######## ########     ###     ######  ########
     ##        ##  ##     ## ##       ##     ##  ##   ##  ##       ##
     ######    ##  ########  ######   ########  #########  ######  ######
     ##        ##  ##    ##  ##       ##     ## ##     ##       ## ##
     ##       #### ##     ## ######## ########  ##     ##  ######  ########

You're about to initialize a Firebase project in this directory:

  D:\Graey\Development\AngularProjects\teams

[info] 
=== Project Setup
[info] 
[info] First, let's associate this project directory with a Firebase project.
[info] You can create multiple project aliases by running firebase use --add, 
[info] but for now we'll just set up a default project.
[info] 
[debug] [2022-06-27T12:11:06.626Z] >>> [apiv2][query] GET https://firebase.googleapis.com/v1beta1/projects pageSize=100
[debug] [2022-06-27T12:11:07.256Z] <<< [apiv2][status] GET https://firebase.googleapis.com/v1beta1/projects 200
[debug] [2022-06-27T12:11:07.256Z] <<< [apiv2][body] GET https://firebase.googleapis.com/v1beta1/projects [omitted]
[info] i  Using project scout-6b8bf (scout) 
[info] 
=== Database Setup
[info] i  database: ensuring required API firebasedatabase.googleapis.com is enabled... 
[debug] [2022-06-27T12:11:18.261Z] >>> [apiv2][query] GET https://serviceusage.googleapis.com/v1/projects/scout-6b8bf/services/firebasedatabase.googleapis.com [none]
[debug] [2022-06-27T12:11:19.515Z] <<< [apiv2][status] GET https://serviceusage.googleapis.com/v1/projects/scout-6b8bf/services/firebasedatabase.googleapis.com 200
[debug] [2022-06-27T12:11:19.515Z] <<< [apiv2][body] GET https://serviceusage.googleapis.com/v1/projects/scout-6b8bf/services/firebasedatabase.googleapis.com [omitted]
[info] +  database: required API firebasedatabase.googleapis.com is enabled 
[info] 
[debug] [2022-06-27T12:11:19.516Z] >>> [apiv2][query] GET https://firebasedatabase.googleapis.com/v1beta/projects/scout-6b8bf/locations/-/instances/scout-6b8bf-default-rtdb [none]
[debug] [2022-06-27T12:11:19.863Z] <<< [apiv2][status] GET https://firebasedatabase.googleapis.com/v1beta/projects/scout-6b8bf/locations/-/instances/scout-6b8bf-default-rtdb 200
[debug] [2022-06-27T12:11:19.864Z] <<< [apiv2][body] GET https://firebasedatabase.googleapis.com/v1beta/projects/scout-6b8bf/locations/-/instances/scout-6b8bf-default-rtdb {"name":"projects/671709113514/locations/asia-southeast1/instances/scout-6b8bf-default-rtdb","project":"projects/671709113514","databaseUrl":"https://scout-6b8bf-default-rtdb.asia-southeast1.firebasedatabase.app","type":"DEFAULT_DATABASE","state":"DISABLED"}
[info] 
[info] Firebase Realtime Database Security Rules allow you to define how your data should be
[info] structured and when your data can be read from and written to.
[info] 
[info] Skipping overwrite of Realtime Database Security Rules.
[info] The security rules defined in database.rules.json will be published when you run firebase deploy.
[info] 
=== Firestore Setup
[debug] [2022-06-27T12:11:26.616Z] >>> [apiv2][query] GET https://serviceusage.googleapis.com/v1/projects/scout-6b8bf/services/firestore.googleapis.com [none]
[debug] [2022-06-27T12:11:27.991Z] <<< [apiv2][status] GET https://serviceusage.googleapis.com/v1/projects/scout-6b8bf/services/firestore.googleapis.com 200
[debug] [2022-06-27T12:11:27.992Z] <<< [apiv2][body] GET https://serviceusage.googleapis.com/v1/projects/scout-6b8bf/services/firestore.googleapis.com [omitted]
[debug] [2022-06-27T12:11:27.992Z] >>> [apiv2][query] GET https://appengine.googleapis.com/v1/apps/scout-6b8bf [none]
[debug] [2022-06-27T12:11:28.461Z] <<< [apiv2][status] GET https://appengine.googleapis.com/v1/apps/scout-6b8bf 200
[debug] [2022-06-27T12:11:28.462Z] <<< [apiv2][body] GET https://appengine.googleapis.com/v1/apps/scout-6b8bf {"name":"apps/scout-6b8bf","id":"scout-6b8bf","authDomain":"gmail.com","locationId":"asia-southeast1","codeBucket":"staging.scout-6b8bf.appspot.com","servingStatus":"SERVING","defaultHostname":"scout-6b8bf.as.r.appspot.com","defaultBucket":"scout-6b8bf.appspot.com","serviceAccount":"scout-6b8bf@appspot.gserviceaccount.com","gcrDomain":"asia.gcr.io","databaseType":"CLOUD_FIRESTORE","featureSettings":{"splitHealthChecks":true,"useContainerOptimizedOs":true}}
[debug] [2022-06-27T12:11:28.462Z] database_type: CLOUD_FIRESTORE
[debug] [2022-06-27T12:11:28.463Z] > command requires scopes: ["email","openid","https://www.googleapis.com/auth/cloudplatformprojects.readonly","https://www.googleapis.com/auth/firebase","https://www.googleapis.com/auth/cloud-platform"]
[debug] [2022-06-27T12:11:28.463Z] > authorizing via signed-in user (kawaiiseiba23@gmail.com)
[debug] [2022-06-27T12:11:28.463Z] [iam] checking project scout-6b8bf for permissions ["firebase.projects.get"]
[debug] [2022-06-27T12:11:28.464Z] >>> [apiv2][query] POST https://cloudresourcemanager.googleapis.com/v1/projects/scout-6b8bf:testIamPermissions [none]
[debug] [2022-06-27T12:11:28.464Z] >>> [apiv2][body] POST https://cloudresourcemanager.googleapis.com/v1/projects/scout-6b8bf:testIamPermissions {"permissions":["firebase.projects.get"]}
[debug] [2022-06-27T12:11:29.378Z] <<< [apiv2][status] POST https://cloudresourcemanager.googleapis.com/v1/projects/scout-6b8bf:testIamPermissions 200
[debug] [2022-06-27T12:11:29.378Z] <<< [apiv2][body] POST https://cloudresourcemanager.googleapis.com/v1/projects/scout-6b8bf:testIamPermissions {"permissions":["firebase.projects.get"]}
[info] 
[info] Firestore Security Rules allow you to define how and when to allow
[info] requests. You can keep these rules in your project directory
[info] and publish them with firebase deploy.
[info] 
[info] 
[info] Firestore indexes allow you to perform complex queries while
[info] maintaining performance that scales with the size of the result
[info] set. You can keep index definitions in your project directory
[info] and publish them with firebase deploy.
[info] 
[info] 
=== Hosting Setup
[info] 
[info] Your public directory is the folder (relative to your project directory) that
[info] will contain Hosting assets to be uploaded with firebase deploy. If you
[info] have a build process for your assets, use your build's output directory.
[info] 
[info] i  Skipping write of public/404.html 
[debug] [2022-06-27T12:11:56.096Z] >>> [apiv2][query] GET https://www.gstatic.com/firebasejs/releases.json [none]
[debug] [2022-06-27T12:11:56.197Z] <<< [apiv2][status] GET https://www.gstatic.com/firebasejs/releases.json 200
[debug] [2022-06-27T12:11:56.198Z] <<< [apiv2][body] GET https://www.gstatic.com/firebasejs/releases.json {"current":{"version":"9.8.4","browserURL":"https://www.gstatic.com/firebasejs/9.8.4/firebase.js","packageURL":"https://www.gstatic.com/firebasejs/9.8.4/firebase.tgz"},"live":{"version":"9.8","browserURL":"https://www.gstatic.com/firebasejs/live/9.8/firebase.js","packageURL":"https://www.gstatic.com/firebasejs/live/9.8/firebase.tgz"},"components":{"analytics":"https://www.gstatic.com/firebasejs/9.8.4/firebase-analytics.js","app":"https://www.gstatic.com/firebasejs/9.8.4/firebase-app.js","app-check":"https://www.gstatic.com/firebasejs/9.8.4/firebase-app-check.js","auth":"https://www.gstatic.com/firebasejs/9.8.4/firebase-auth.js","auth/cordova":"https://www.gstatic.com/firebasejs/9.8.4/firebase-auth/cordova.js","auth/react-native":"https://www.gstatic.com/firebasejs/9.8.4/firebase-auth/react-native.js","functions":"https://www.gstatic.com/firebasejs/9.8.4/firebase-functions.js","firestore":"https://www.gstatic.com/firebasejs/9.8.4/firebase-firestore.js","firestore/lite":"https://www.gstatic.com/firebasejs/9.8.4/firebase-firestore/lite.js","storage":"https://www.gstatic.com/firebasejs/9.8.4/firebase-storage.js","performance":"https://www.gstatic.com/firebasejs/9.8.4/firebase-performance.js","remote-config":"https://www.gstatic.com/firebasejs/9.8.4/firebase-remote-config.js","messaging":"https://www.gstatic.com/firebasejs/9.8.4/firebase-messaging.js","messaging/sw":"https://www.gstatic.com/firebasejs/9.8.4/firebase-messaging/sw.js","database":"https://www.gstatic.com/firebasejs/9.8.4/firebase-database.js","firestore.memory":"https://www.gstatic.com/firebasejs/9.8.4/firebase-firestore.memory.js"}}
[info] i  Skipping write of public/index.html 
[info] 
[info] i  Detected a .git folder at D:\Graey\Development\AngularProjects\teams 
[info] i  Authorizing with GitHub to upload your service account to a GitHub repository's secrets store. 
[info] 
[info] Visit this URL on this device to log in:
[info] https://github.com/login/oauth/authorize?client_id=89cf50f02ac6aaed3484&state=1025206984&redirect_uri=http%3A%2F%2Flocalhost%3A9005&scope=read%3Auser%20repo%20public_repo
[info] 
[info] Waiting for authentication...
[debug] [2022-06-27T12:12:00.428Z] Error: spawn cmd ENOENT
    at Process.ChildProcess._handle.onexit (node:internal/child_process:283:19)
    at onErrorNT (node:internal/child_process:478:16)
    at processTicksAndRejections (node:internal/process/task_queues:83:21)
[error] 
[error] Error: An unexpected error has occurred.
[debug] [2022-06-27T12:15:43.448Z] ----------------------------------------------------------------------
[debug] [2022-06-27T12:15:43.450Z] Command:       C:\Program Files\nodejs\node.exe C:\Users\Monkey D' Garp\AppData\Roaming\npm\node_modules\firebase-tools\lib\bin\firebase.js init
[debug] [2022-06-27T12:15:43.450Z] CLI Version:   11.1.0
[debug] [2022-06-27T12:15:43.451Z] Platform:      win32
[debug] [2022-06-27T12:15:43.451Z] Node Version:  v16.14.0
[debug] [2022-06-27T12:15:43.451Z] Time:          Mon Jun 27 2022 20:15:43 GMT+0800 (Singapore Standard Time)
[debug] [2022-06-27T12:15:43.452Z] ----------------------------------------------------------------------
[debug] 
[debug] [2022-06-27T12:15:43.457Z] > command requires scopes: ["email","openid","https://www.googleapis.com/auth/cloudplatformprojects.readonly","https://www.googleapis.com/auth/firebase","https://www.googleapis.com/auth/cloud-platform"]
[debug] [2022-06-27T12:15:43.457Z] > authorizing via signed-in user (kawaiiseiba23@gmail.com)
[info] 
     ######## #### ########  ######## ########     ###     ######  ########
     ##        ##  ##     ## ##       ##     ##  ##   ##  ##       ##
     ######    ##  ########  ######   ########  #########  ######  ######
     ##        ##  ##    ##  ##       ##     ## ##     ##       ## ##
     ##       #### ##     ## ######## ########  ##     ##  ######  ########

You're about to initialize a Firebase project in this directory:

  D:\Graey\Development\AngularProjects\teams

[info] 
=== Project Setup
[info] 
[info] First, let's associate this project directory with a Firebase project.
[info] You can create multiple project aliases by running firebase use --add, 
[info] but for now we'll just set up a default project.
[info] 
[debug] [2022-06-27T12:15:54.250Z] >>> [apiv2][query] GET https://firebase.googleapis.com/v1beta1/projects pageSize=100
[debug] [2022-06-27T12:15:55.013Z] <<< [apiv2][status] GET https://firebase.googleapis.com/v1beta1/projects 200
[debug] [2022-06-27T12:15:55.013Z] <<< [apiv2][body] GET https://firebase.googleapis.com/v1beta1/projects [omitted]
[info] i  Using project scout-6b8bf (scout) 
[info] 
=== Database Setup
[info] i  database: ensuring required API firebasedatabase.googleapis.com is enabled... 
[debug] [2022-06-27T12:15:55.949Z] >>> [apiv2][query] GET https://serviceusage.googleapis.com/v1/projects/scout-6b8bf/services/firebasedatabase.googleapis.com [none]
[debug] [2022-06-27T12:15:57.306Z] <<< [apiv2][status] GET https://serviceusage.googleapis.com/v1/projects/scout-6b8bf/services/firebasedatabase.googleapis.com 200
[debug] [2022-06-27T12:15:57.306Z] <<< [apiv2][body] GET https://serviceusage.googleapis.com/v1/projects/scout-6b8bf/services/firebasedatabase.googleapis.com [omitted]
[info] +  database: required API firebasedatabase.googleapis.com is enabled 
[info] 
[debug] [2022-06-27T12:15:57.307Z] >>> [apiv2][query] GET https://firebasedatabase.googleapis.com/v1beta/projects/scout-6b8bf/locations/-/instances/scout-6b8bf-default-rtdb [none]
[debug] [2022-06-27T12:15:57.819Z] <<< [apiv2][status] GET https://firebasedatabase.googleapis.com/v1beta/projects/scout-6b8bf/locations/-/instances/scout-6b8bf-default-rtdb 200
[debug] [2022-06-27T12:15:57.819Z] <<< [apiv2][body] GET https://firebasedatabase.googleapis.com/v1beta/projects/scout-6b8bf/locations/-/instances/scout-6b8bf-default-rtdb {"name":"projects/671709113514/locations/asia-southeast1/instances/scout-6b8bf-default-rtdb","project":"projects/671709113514","databaseUrl":"https://scout-6b8bf-default-rtdb.asia-southeast1.firebasedatabase.app","type":"DEFAULT_DATABASE","state":"DISABLED"}
[info] 
[info] Firebase Realtime Database Security Rules allow you to define how your data should be
[info] structured and when your data can be read from and written to.
[info] 
[info] Skipping overwrite of Realtime Database Security Rules.
[info] The security rules defined in database.rules.json will be published when you run firebase deploy.
[info] 
=== Firestore Setup
[debug] [2022-06-27T12:16:01.456Z] >>> [apiv2][query] GET https://serviceusage.googleapis.com/v1/projects/scout-6b8bf/services/firestore.googleapis.com [none]
[debug] [2022-06-27T12:16:02.675Z] <<< [apiv2][status] GET https://serviceusage.googleapis.com/v1/projects/scout-6b8bf/services/firestore.googleapis.com 200
[debug] [2022-06-27T12:16:02.675Z] <<< [apiv2][body] GET https://serviceusage.googleapis.com/v1/projects/scout-6b8bf/services/firestore.googleapis.com [omitted]
[debug] [2022-06-27T12:16:02.675Z] >>> [apiv2][query] GET https://appengine.googleapis.com/v1/apps/scout-6b8bf [none]
[debug] [2022-06-27T12:16:03.036Z] <<< [apiv2][status] GET https://appengine.googleapis.com/v1/apps/scout-6b8bf 200
[debug] [2022-06-27T12:16:03.036Z] <<< [apiv2][body] GET https://appengine.googleapis.com/v1/apps/scout-6b8bf {"name":"apps/scout-6b8bf","id":"scout-6b8bf","authDomain":"gmail.com","locationId":"asia-southeast1","codeBucket":"staging.scout-6b8bf.appspot.com","servingStatus":"SERVING","defaultHostname":"scout-6b8bf.as.r.appspot.com","defaultBucket":"scout-6b8bf.appspot.com","serviceAccount":"scout-6b8bf@appspot.gserviceaccount.com","gcrDomain":"asia.gcr.io","databaseType":"CLOUD_FIRESTORE","featureSettings":{"splitHealthChecks":true,"useContainerOptimizedOs":true}}
[debug] [2022-06-27T12:16:03.036Z] database_type: CLOUD_FIRESTORE
[debug] [2022-06-27T12:16:03.036Z] > command requires scopes: ["email","openid","https://www.googleapis.com/auth/cloudplatformprojects.readonly","https://www.googleapis.com/auth/firebase","https://www.googleapis.com/auth/cloud-platform"]
[debug] [2022-06-27T12:16:03.036Z] > authorizing via signed-in user (kawaiiseiba23@gmail.com)
[debug] [2022-06-27T12:16:03.036Z] [iam] checking project scout-6b8bf for permissions ["firebase.projects.get"]
[debug] [2022-06-27T12:16:03.037Z] >>> [apiv2][query] POST https://cloudresourcemanager.googleapis.com/v1/projects/scout-6b8bf:testIamPermissions [none]
[debug] [2022-06-27T12:16:03.037Z] >>> [apiv2][body] POST https://cloudresourcemanager.googleapis.com/v1/projects/scout-6b8bf:testIamPermissions {"permissions":["firebase.projects.get"]}
[debug] [2022-06-27T12:16:04.034Z] <<< [apiv2][status] POST https://cloudresourcemanager.googleapis.com/v1/projects/scout-6b8bf:testIamPermissions 200
[debug] [2022-06-27T12:16:04.035Z] <<< [apiv2][body] POST https://cloudresourcemanager.googleapis.com/v1/projects/scout-6b8bf:testIamPermissions {"permissions":["firebase.projects.get"]}
[info] 
[info] Firestore Security Rules allow you to define how and when to allow
[info] requests. You can keep these rules in your project directory
[info] and publish them with firebase deploy.
[info] 
[info] 
[info] Firestore indexes allow you to perform complex queries while
[info] maintaining performance that scales with the size of the result
[info] set. You can keep index definitions in your project directory
[info] and publish them with firebase deploy.
[info] 
[info] 
=== Hosting Setup
[info] 
[info] Your public directory is the folder (relative to your project directory) that
[info] will contain Hosting assets to be uploaded with firebase deploy. If you
[info] have a build process for your assets, use your build's output directory.
[info] 
[info] i  Skipping write of public/404.html 
[debug] [2022-06-27T12:16:22.791Z] >>> [apiv2][query] GET https://www.gstatic.com/firebasejs/releases.json [none]
[debug] [2022-06-27T12:16:22.949Z] <<< [apiv2][status] GET https://www.gstatic.com/firebasejs/releases.json 200
[debug] [2022-06-27T12:16:22.949Z] <<< [apiv2][body] GET https://www.gstatic.com/firebasejs/releases.json {"current":{"version":"9.8.4","browserURL":"https://www.gstatic.com/firebasejs/9.8.4/firebase.js","packageURL":"https://www.gstatic.com/firebasejs/9.8.4/firebase.tgz"},"live":{"version":"9.8","browserURL":"https://www.gstatic.com/firebasejs/live/9.8/firebase.js","packageURL":"https://www.gstatic.com/firebasejs/live/9.8/firebase.tgz"},"components":{"analytics":"https://www.gstatic.com/firebasejs/9.8.4/firebase-analytics.js","app":"https://www.gstatic.com/firebasejs/9.8.4/firebase-app.js","app-check":"https://www.gstatic.com/firebasejs/9.8.4/firebase-app-check.js","auth":"https://www.gstatic.com/firebasejs/9.8.4/firebase-auth.js","auth/cordova":"https://www.gstatic.com/firebasejs/9.8.4/firebase-auth/cordova.js","auth/react-native":"https://www.gstatic.com/firebasejs/9.8.4/firebase-auth/react-native.js","functions":"https://www.gstatic.com/firebasejs/9.8.4/firebase-functions.js","firestore":"https://www.gstatic.com/firebasejs/9.8.4/firebase-firestore.js","firestore/lite":"https://www.gstatic.com/firebasejs/9.8.4/firebase-firestore/lite.js","storage":"https://www.gstatic.com/firebasejs/9.8.4/firebase-storage.js","performance":"https://www.gstatic.com/firebasejs/9.8.4/firebase-performance.js","remote-config":"https://www.gstatic.com/firebasejs/9.8.4/firebase-remote-config.js","messaging":"https://www.gstatic.com/firebasejs/9.8.4/firebase-messaging.js","messaging/sw":"https://www.gstatic.com/firebasejs/9.8.4/firebase-messaging/sw.js","database":"https://www.gstatic.com/firebasejs/9.8.4/firebase-database.js","firestore.memory":"https://www.gstatic.com/firebasejs/9.8.4/firebase-firestore.memory.js"}}
[info] i  Skipping write of public/index.html 
[info] 
[info] i  Detected a .git folder at D:\Graey\Development\AngularProjects\teams 
[info] i  Authorizing with GitHub to upload your service account to a GitHub repository's secrets store. 
[info] 
[info] Visit this URL on this device to log in:
[info] https://github.com/login/oauth/authorize?client_id=89cf50f02ac6aaed3484&state=799479984&redirect_uri=http%3A%2F%2Flocalhost%3A9005&scope=read%3Auser%20repo%20public_repo
[info] 
[info] Waiting for authentication...
[debug] [2022-06-27T12:16:24.806Z] Error: spawn cmd ENOENT
    at Process.ChildProcess._handle.onexit (node:internal/child_process:283:19)
    at onErrorNT (node:internal/child_process:478:16)
    at processTicksAndRejections (node:internal/process/task_queues:83:21)
[error] 
[error] Error: An unexpected error has occurred.
[debug] [2022-06-27T12:16:56.493Z] ----------------------------------------------------------------------
[debug] [2022-06-27T12:16:56.495Z] Command:       C:\Program Files\nodejs\node.exe C:\Users\Monkey D' Garp\AppData\Roaming\npm\node_modules\firebase-tools\lib\bin\firebase.js init
[debug] [2022-06-27T12:16:56.495Z] CLI Version:   11.1.0
[debug] [2022-06-27T12:16:56.495Z] Platform:      win32
[debug] [2022-06-27T12:16:56.495Z] Node Version:  v16.14.0
[debug] [2022-06-27T12:16:56.496Z] Time:          Mon Jun 27 2022 20:16:56 GMT+0800 (Singapore Standard Time)
[debug] [2022-06-27T12:16:56.496Z] ----------------------------------------------------------------------
[debug] 
[debug] [2022-06-27T12:16:56.502Z] > command requires scopes: ["email","openid","https://www.googleapis.com/auth/cloudplatformprojects.readonly","https://www.googleapis.com/auth/firebase","https://www.googleapis.com/auth/cloud-platform"]
[debug] [2022-06-27T12:16:56.502Z] > authorizing via signed-in user (kawaiiseiba23@gmail.com)
[info] 
     ######## #### ########  ######## ########     ###     ######  ########
     ##        ##  ##     ## ##       ##     ##  ##   ##  ##       ##
     ######    ##  ########  ######   ########  #########  ######  ######
     ##        ##  ##    ##  ##       ##     ## ##     ##       ## ##
     ##       #### ##     ## ######## ########  ##     ##  ######  ########

You're about to initialize a Firebase project in this directory:

  D:\Graey\Development\AngularProjects\teams

